SF:lib\services\api_service.dart
DA:10,8
DA:13,4
DA:15,12
DA:17,8
DA:18,6
DA:19,3
DA:21,6
DA:25,4
DA:27,2
DA:32,1
DA:34,4
DA:36,2
DA:37,2
DA:39,3
DA:43,2
DA:49,2
DA:51,6
DA:52,2
DA:53,2
DA:56,4
DA:57,4
DA:59,6
DA:63,4
DA:69,4
DA:71,12
DA:73,8
DA:74,6
DA:75,3
DA:77,6
DA:81,4
DA:83,2
DA:88,1
DA:90,4
DA:92,2
DA:93,2
DA:95,3
DA:99,2
DA:105,1
DA:107,3
DA:109,2
DA:110,2
DA:111,1
DA:113,3
DA:117,2
DA:123,2
DA:124,2
DA:125,2
DA:126,2
DA:127,2
DA:131,2
DA:132,2
DA:133,2
DA:134,2
DA:135,2
LF:54
LH:54
end_of_record
SF:lib\main.dart
DA:7,1
DA:8,1
DA:12,8
DA:14,2
DA:16,2
DA:19,2
DA:20,2
DA:24,2
DA:25,2
DA:26,1
DA:27,1
DA:28,1
LF:12
LH:12
end_of_record
SF:lib\screens\home_screen.dart
DA:8,6
DA:10,2
DA:12,2
DA:13,2
DA:17,2
DA:19,2
DA:21,2
DA:30,2
DA:31,2
DA:32,2
DA:33,2
DA:36,0
DA:40,2
DA:41,2
DA:44,0
DA:48,2
DA:49,2
DA:52,0
DA:64,2
DA:65,2
DA:66,2
DA:67,6
DA:68,2
DA:71,4
DA:76,2
DA:77,2
DA:78,2
DA:79,6
DA:80,2
DA:83,4
DA:95,2
DA:96,2
DA:97,2
DA:98,4
DA:99,2
DA:101,2
DA:106,2
DA:107,2
DA:108,2
DA:109,4
DA:110,2
DA:111,2
LF:42
LH:39
end_of_record
SF:lib\screens\refugee_list_screen.dart
DA:7,7
DA:9,2
DA:11,2
DA:12,2
DA:13,2
DA:14,2
DA:15,2
DA:16,4
DA:19,2
DA:20,2
DA:21,1
DA:23,3
DA:24,1
DA:25,1
LF:14
LH:14
end_of_record
SF:lib\screens\shelter_list_screen.dart
DA:7,7
DA:9,2
DA:11,2
DA:12,2
DA:13,2
DA:14,2
DA:15,2
DA:16,4
DA:19,2
DA:20,2
DA:21,1
DA:23,3
DA:24,1
DA:25,1
LF:14
LH:14
end_of_record
SF:lib\screens\add_refugee_screen.dart
DA:6,7
DA:8,2
DA:9,2
DA:31,2
DA:33,4
DA:34,4
DA:35,4
DA:36,4
DA:37,4
DA:38,4
DA:39,4
DA:40,4
DA:41,4
DA:42,4
DA:43,4
DA:44,4
DA:45,4
DA:46,2
DA:49,1
DA:50,3
DA:52,1
DA:53,3
DA:54,3
DA:55,4
DA:56,1
DA:57,3
DA:58,3
DA:59,3
DA:60,3
DA:61,3
DA:62,1
DA:63,4
DA:64,3
DA:65,3
DA:66,3
DA:67,4
DA:68,7
DA:72,1
DA:73,1
DA:74,3
DA:75,3
DA:77,1
DA:78,6
DA:82,2
DA:84,2
DA:85,2
DA:86,2
DA:88,2
DA:89,2
DA:90,2
DA:92,2
DA:93,2
DA:94,2
DA:96,3
DA:99,2
DA:100,2
DA:102,3
DA:105,2
DA:106,2
DA:109,1
DA:110,2
DA:111,1
DA:112,1
DA:117,2
DA:118,2
DA:124,4
DA:128,4
DA:130,4
DA:132,4
DA:134,4
DA:136,4
DA:138,2
DA:140,2
DA:141,4
DA:144,4
DA:146,4
DA:148,4
DA:150,4
DA:152,4
DA:154,2
DA:155,2
LF:81
LH:81
end_of_record
SF:lib\widgets\refugee_card.dart
DA:5,2
DA:7,2
DA:10,4
DA:11,4
DA:12,4
DA:13,2
DA:16,6
DA:17,4
DA:18,4
DA:19,6
DA:22,2
DA:23,6
DA:24,2
DA:25,2
DA:27,2
DA:28,2
DA:30,2
DA:31,4
LF:18
LH:18
end_of_record
SF:lib\widgets\shelter_card.dart
DA:5,2
DA:7,2
DA:9,4
DA:10,4
DA:11,4
DA:12,4
DA:13,4
DA:16,2
DA:17,0
DA:21,2
DA:22,2
DA:24,2
DA:25,2
DA:27,2
DA:28,2
DA:30,2
DA:31,4
DA:32,2
DA:33,1
LF:19
LH:18
end_of_record
